<?xml version="1.0" encoding="UTF-8"?>
<beans xmlns="http://www.springframework.org/schema/beans"
	xmlns:xsi="http://www.w3.org/2001/XMLSchema-instance"
	xsi:schemaLocation="http://www.springframework.org/schema/beans 
						http://www.springframework.org/schema/beans/spring-beans-3.0.xsd">
						
	<bean id="dataSource" class="org.springframework.jdbc.datasource.SimpleDriverDataSource">
		<property name="driverClass" value="org.mariadb.jdbc.Driver" />
		<property name="url" value="jdbc:mariadb://ec2-13-124-151-188.ap-northeast-2.compute.amazonaws.com:3306/test_db?characterEncoding=UTF-8" />
		<property name="username" value="test" />
		<property name="password" value="123qwe!@" />
	</bean>
	
	<bean id="userService" class="springbook.service.UserServiceTx">
		<property name="transactionManager"  ref="transactionManager"/>
		<property name="userService" ref="userServiceImpl" />
	</bean>
	
	<bean id="userServiceImpl" class="springbook.service.UserServiceImpl">
		<property name="userDao" ref="userDao" />
		<property name="mailSender" ref="mailSender" />
	</bean>
	
	<bean id="transactionManager" class="org.springframework.jdbc.datasource.DataSourceTransactionManager">
		<property name="dataSource" ref="dataSource"/>
	</bean>
	
	<bean id="userDao" class="springbook.dao.UserDaoJdbc">
		<property name="dataSource" ref="dataSource" />
	</bean>
	
<!-- 	<bean id="mailSender" class="org.springframework.mail.javamail.JavaMailSenderImpl">
		<property name="host" value="mail.server.com"/>
	</bean> -->
	
	<bean id="mailSender" class="springbook.service.DummyMailSender"/>
	
</beans>
