<?xml version="1.0" encoding="UTF-8"?>
<beans xmlns="http://www.springframework.org/schema/beans"
	xmlns:xsi="http://www.w3.org/2001/XMLSchema-instance"
	xsi:schemaLocation="http://www.springframework.org/schema/beans 
						http://www.springframework.org/schema/beans/spring-beans-3.0.xsd">
						
	<bean id="dataSource" class="org.springframework.jdbc.datasource.SimpleDriverDataSource">
		<property name="driverClass" value="org.mariadb.jdbc.Driver" />
		<property name="url" value="jdbc:mariadb://ec2-13-124-151-188.ap-northeast-2.compute.amazonaws.com:3306/test_db?characterEncoding=UTF-8" />
		<property name="username" value="test" />
		<property name="password" value="123qwe!@" />
	</bean>
	
<!-- Proxy를 이용하기전에 사용하던 Bean 설정 	
	<bean id="userService" class="springbook.service.UserServiceTx">
		<property name="transactionManager"  ref="transactionManager"/>
		<property name="userService" ref="userServiceImpl" />
	</bean> -->
	
<!-- 	<bean id="userService" class="springbook.service.TxProxyFactoryBean">
		<property name="target"  ref="userServiceImpl"/>
		<property name="transactionManager"  ref="transactionManager"/>
		<property name="pattern" value="upgradeLevels" />
		<property name="serviceInterface" value="springbook.service.UserService" />
	</bean> -->
	
	<bean id="userService" class="org.springframework.aop.framework.ProxyFactoryBean">
		<property name="target" ref="userServiceImpl" />
		<property name="interceptorNames">
			<list>
				<!-- 어드바이스와 어드바이저를 동시에 설정해줄 수 있는 프로퍼티, 리스트에 어드바이스나 어드바이저의 빈 아이디를 값으로 넣어주면 된다. -->
				<value>transactionAdvisor</value> 
			</list>
		</property>
	</bean>
	
	<bean id="userServiceImpl" class="springbook.service.UserServiceImpl">
		<property name="userDao" ref="userDao" />
		<property name="mailSender" ref="mailSender" />
	</bean>
	
	<bean id="transactionManager" class="org.springframework.jdbc.datasource.DataSourceTransactionManager">
		<property name="dataSource" ref="dataSource"/>
	</bean>
	
	<bean id="userDao" class="springbook.dao.UserDaoJdbc">
		<property name="dataSource" ref="dataSource" />
	</bean>
	
	<bean id="mailSender" class="springbook.service.DummyMailSender"/>
	
	<!-- 어드바이스 등록 -->
	<bean id="transactionAdvice" class="springbook.service.TransactionAdvice">
		<property name="transactionManager" ref="transactionManager" />
	</bean>
	
	<!-- 포인트 컷 등록 -->
	<bean id="transactionPointcut" class="org.springframework.aop.support.NameMatchMethodPointcut">
		<property name="mappedName" value ="upgrade*"/>
	</bean>
	
	<!-- 어드바이저 등록 -->
	<bean id="transactionAdvisor" class="org.springframework.aop.support.DefaultPointcutAdvisor">
		<property name="advice" ref="transactionAdvice" />
		<property name="pointcut" ref="transactionPointcut" />
	</bean>
	
</beans>
